[2015-07-07 11:32:03] local.INFO: array (
  0 => '103',
  1 => '112',
) [] []
[2015-07-07 11:32:03] local.INFO: array (
  0 => '103',
  1 => '112',
) [] []
[2015-07-07 11:33:17] local.INFO: array (
  0 => '103',
  1 => '112',
) [] []
[2015-07-07 11:33:17] local.INFO: array (
  0 => '103',
  1 => '112',
) [] []
[2015-07-07 11:34:25] local.INFO: array (
) [] []
[2015-07-07 11:34:26] local.INFO: array (
) [] []
[2015-07-07 11:42:45] local.INFO: array (
  'email' => 'nilovecse05@gmail.com',
  'first_name' => 'Kauser',
  'last_name' => 'Sarker',
  'password' => 'C0mm0n',
  'confirm_password' => 'C0mm0n',
  'client_base_url' => 'http://client.motibu.com/',
  'is_external_vcard' => 'true',
) [] []
[2015-07-07 11:42:46] local.INFO: Array
(
    [email] => nilovecse05@gmail.com
    [password] => C0mm0n
    [confirm_password] => C0mm0n
    [first_name] => Kauser
    [last_name] => Sarker
    [username] => nilovecse05@gmail.com
)
 [] []
[2015-07-07 11:48:03] local.INFO: array (
) [] []
[2015-07-07 11:48:03] local.INFO: array (
) [] []
[2015-07-07 11:49:17] local.INFO: array (
  'employed' => 'true',
  'workPermit' => 'true',
  'firstName' => 'Moti',
  'lastName' => 'card',
  'professionalTitle' => 'SE',
  'email' => 'nilove@andhype.com',
  'about' => 'vbcvcb',
  'dateOfBirth' => 'Thu Jul 30 2015 00:00:00 GMT+0600 (BDT)',
  'residence' => 'Dhaka University Campus, Dhaka, Bangladesh',
  'address' => 'Dhaka',
  'telephone' => '1218',
  'gender' => 'Male',
  'degree' => 'MBA',
  'yearsOfExperience' => '10',
  'nationality' => 'BD',
  'profileImage' => 'http://smartfuse.s3.amazonaws.com/528b8fa449cd5b297e9adbddaf143512/uploads/2013/03/football.jpg',
  'location_latitude' => '23.73060042124035',
  'location_longitude' => '90.38798334492185',
  'inlineSkills' => 'Eng,FRE',
  'age' => '28',
  'expected_salary' => '400',
  'skills' => 
  array (
    0 => 
    array (
      'skill_id' => '2062',
      'skill_name' => 'PHP programming',
      'skill_category' => 'Computing',
      'description' => '',
      'level' => '35',
    ),
    1 => 
    array (
      'skill_id' => '1943',
      'skill_name' => 'Java-script',
      'skill_category' => 'Computing',
      'description' => 'jmnnmbm',
      'level' => '83',
    ),
    2 => 
    array (
      'skill_id' => '1941',
      'skill_name' => 'Java',
      'skill_category' => 'Computing',
      'description' => 'mnbmnvbxcmnbvmxcnb',
      'level' => '38',
    ),
  ),
  'profile_url' => 'http://moticard.com',
) [] []
[2015-07-07 11:49:37] local.INFO: array (
) [] []
[2015-07-07 11:49:37] local.INFO: array (
) [] []
[2015-07-07 11:50:34] local.INFO: array (
  0 => '103',
  1 => '112',
  2 => '113',
) [] []
[2015-07-07 11:50:34] local.INFO: array (
  0 => '103',
  1 => '112',
  2 => '113',
) [] []
[2015-07-07 11:56:22] local.INFO: array (
  'email' => 'nilovecse05@gmail.com',
  'first_name' => 'Kauser',
  'last_name' => 'Sarker',
  'password' => 'c0mm0n',
  'confirm_password' => 'c0mm0n',
  'client_base_url' => 'http://client.motibu.com/',
  'is_external_vcard' => 'true',
) [] []
[2015-07-07 11:56:22] local.INFO: Array
(
    [email] => nilovecse05@gmail.com
    [password] => c0mm0n
    [confirm_password] => c0mm0n
    [first_name] => Kauser
    [last_name] => Sarker
    [username] => nilovecse05@gmail.com
)
 [] []
[2015-07-07 11:57:00] local.INFO: array (
) [] []
[2015-07-07 11:57:00] local.INFO: array (
) [] []
[2015-07-07 11:58:06] local.ERROR: exception 'ErrorException' with message 'Argument 1 passed to Illuminate\Auth\Guard::login() must implement interface Illuminate\Auth\UserInterface, null given' in /var/www/motibupro/motibu/vendor/laravel/framework/src/Illuminate/Auth/Guard.php:420
Stack trace:
#0 /var/www/motibupro/motibu/vendor/laravel/framework/src/Illuminate/Auth/Guard.php(420): Illuminate\Exception\Handler->handleError(4096, 'Argument 1 pass...', '/var/www/motibu...', 420, Array)
#1 [internal function]: Illuminate\Auth\Guard->login(NULL)
#2 /var/www/motibupro/motibu/vendor/laravel/framework/src/Illuminate/Support/Manager.php(138): call_user_func_array(Array, Array)
#3 /var/www/motibupro/motibu/vendor/laravel/framework/src/Illuminate/Support/Facades/Facade.php(208): Illuminate\Support\Manager->__call('login', Array)
#4 /var/www/motibupro/motibu/vendor/laravel/framework/src/Illuminate/Support/Facades/Facade.php(208): Illuminate\Auth\AuthManager->login(NULL)
#5 /var/www/motibupro/motibu/app/filters.php(266): Illuminate\Support\Facades\Facade::__callStatic('login', Array)
#6 /var/www/motibupro/motibu/app/filters.php(266): Illuminate\Support\Facades\Auth::login(NULL)
#7 [internal function]: {closure}(Object(Illuminate\Routing\Route), Object(Illuminate\Http\Request))
#8 /var/www/motibupro/motibu/vendor/laravel/framework/src/Illuminate/Events/Dispatcher.php(199): call_user_func_array(Object(Closure), Array)
#9 /var/www/motibupro/motibu/vendor/laravel/framework/src/Illuminate/Events/Dispatcher.php(154): Illuminate\Events\Dispatcher->fire('router.filter: ...', Array, true)
#10 /var/www/motibupro/motibu/vendor/laravel/framework/src/Illuminate/Routing/Router.php(1473): Illuminate\Events\Dispatcher->until('router.filter: ...', Array)
#11 /var/www/motibupro/motibu/vendor/laravel/framework/src/Illuminate/Routing/Router.php(1435): Illuminate\Routing\Router->callRouteFilter('oauth.moticards', Array, Object(Illuminate\Routing\Route), Object(Illuminate\Http\Request))
#12 /var/www/motibupro/motibu/vendor/laravel/framework/src/Illuminate/Routing/Router.php(1322): Illuminate\Routing\Router->callAttachedBefores(Object(Illuminate\Routing\Route), Object(Illuminate\Http\Request))
#13 /var/www/motibupro/motibu/vendor/laravel/framework/src/Illuminate/Routing/Router.php(1029): Illuminate\Routing\Router->callRouteBefore(Object(Illuminate\Routing\Route), Object(Illuminate\Http\Request))
#14 /var/www/motibupro/motibu/vendor/laravel/framework/src/Illuminate/Routing/Router.php(1001): Illuminate\Routing\Router->dispatchToRoute(Object(Illuminate\Http\Request))
#15 /var/www/motibupro/motibu/vendor/laravel/framework/src/Illuminate/Foundation/Application.php(775): Illuminate\Routing\Router->dispatch(Object(Illuminate\Http\Request))
#16 /var/www/motibupro/motibu/vendor/laravel/framework/src/Illuminate/Foundation/Application.php(745): Illuminate\Foundation\Application->dispatch(Object(Illuminate\Http\Request))
#17 /var/www/motibupro/motibu/vendor/laravel/framework/src/Illuminate/Session/Middleware.php(72): Illuminate\Foundation\Application->handle(Object(Illuminate\Http\Request), 1, true)
#18 /var/www/motibupro/motibu/vendor/laravel/framework/src/Illuminate/Cookie/Queue.php(47): Illuminate\Session\Middleware->handle(Object(Illuminate\Http\Request), 1, true)
#19 /var/www/motibupro/motibu/vendor/laravel/framework/src/Illuminate/Cookie/Guard.php(51): Illuminate\Cookie\Queue->handle(Object(Illuminate\Http\Request), 1, true)
#20 /var/www/motibupro/motibu/vendor/stack/builder/src/Stack/StackedHttpKernel.php(23): Illuminate\Cookie\Guard->handle(Object(Illuminate\Http\Request), 1, true)
#21 /var/www/motibupro/motibu/vendor/laravel/framework/src/Illuminate/Foundation/Application.php(641): Stack\StackedHttpKernel->handle(Object(Illuminate\Http\Request))
#22 /var/www/motibupro/motibu/public/index.php(49): Illuminate\Foundation\Application->run()
#23 {main} [] []
[2015-07-07 11:58:23] local.INFO: array (
  'employed' => 'true',
  'workPermit' => 'true',
  'firstName' => 'Moti',
  'lastName' => 'card',
  'professionalTitle' => 'SE',
  'email' => 'nilove@andhype.com',
  'about' => 'vbcvcb',
  'dateOfBirth' => 'Thu Jul 30 2015 00:00:00 GMT+0600 (BDT)',
  'residence' => 'Dhaka University Campus, Dhaka, Bangladesh',
  'address' => 'Dhaka',
  'telephone' => '1218',
  'gender' => 'Male',
  'degree' => 'MBA',
  'yearsOfExperience' => '10',
  'nationality' => 'BD',
  'profileImage' => 'http://smartfuse.s3.amazonaws.com/528b8fa449cd5b297e9adbddaf143512/uploads/2013/03/football.jpg',
  'location_latitude' => '23.73060042124035',
  'location_longitude' => '90.38798334492185',
  'inlineSkills' => 'Eng,FRE',
  'age' => '28',
  'expected_salary' => '400',
  'skills' => 
  array (
    0 => 
    array (
      'skill_id' => '2062',
      'skill_name' => 'PHP programming',
      'skill_category' => 'Computing',
      'description' => '',
      'level' => '35',
    ),
    1 => 
    array (
      'skill_id' => '1943',
      'skill_name' => 'Java-script',
      'skill_category' => 'Computing',
      'description' => 'jmnnmbm',
      'level' => '83',
    ),
    2 => 
    array (
      'skill_id' => '1941',
      'skill_name' => 'Java',
      'skill_category' => 'Computing',
      'description' => 'mnbmnvbxcmnbvmxcnb',
      'level' => '38',
    ),
  ),
  'profile_url' => 'http://moticard.com',
) [] []
[2015-07-07 11:58:41] local.INFO: array (
  0 => '114',
) [] []
[2015-07-07 11:58:41] local.INFO: array (
  0 => '114',
) [] []
[2015-07-07 11:59:24] local.INFO: array (
  0 => '114',
) [] []
[2015-07-07 11:59:24] local.INFO: array (
  0 => '114',
) [] []
[2015-07-07 11:59:50] local.INFO: array (
  0 => '114',
) [] []
[2015-07-07 11:59:50] local.INFO: array (
  0 => '114',
) [] []
[2015-07-07 12:01:35] local.INFO: array (
  0 => '114',
) [] []
[2015-07-07 12:01:35] local.INFO: array (
  0 => '114',
) [] []
[2015-07-07 12:04:01] local.INFO: array (
  'email' => 'n323@gmail.com',
  'first_name' => 'Kauser',
  'last_name' => 'Sarker',
  'password' => 'c0mm0n',
  'confirm_password' => 'c0mm0n',
  'client_base_url' => 'http://client.motibu.com/',
  'is_external_vcard' => 'false',
) [] []
[2015-07-07 12:04:02] local.INFO: Array
(
    [email] => n323@gmail.com
    [password] => c0mm0n
    [confirm_password] => c0mm0n
    [first_name] => Kauser
    [last_name] => Sarker
    [username] => n323@gmail.com
)
 [] []
[2015-07-07 12:04:38] local.ERROR: exception 'League\OAuth2\Server\Exception\InvalidCredentialsException' with message 'The user credentials were incorrect.' in /var/www/motibupro/motibu/vendor/league/oauth2-server/src/Grant/PasswordGrant.php:132
Stack trace:
#0 /var/www/motibupro/motibu/vendor/league/oauth2-server/src/AuthorizationServer.php(275): League\OAuth2\Server\Grant\PasswordGrant->completeFlow()
#1 /var/www/motibupro/motibu/vendor/lucadegasperi/oauth2-server-laravel/src/Authorizer.php(80): League\OAuth2\Server\AuthorizationServer->issueAccessToken()
#2 /var/www/motibupro/motibu/vendor/laravel/framework/src/Illuminate/Support/Facades/Facade.php(205): LucaDegasperi\OAuth2Server\Authorizer->issueAccessToken()
#3 /var/www/motibupro/motibu/app/routes.php(402): Illuminate\Support\Facades\Facade::__callStatic('issueAccessToke...', Array)
#4 /var/www/motibupro/motibu/app/routes.php(402): LucaDegasperi\OAuth2Server\Facades\AuthorizerFacade::issueAccessToken()
#5 [internal function]: {closure}()
#6 /var/www/motibupro/motibu/vendor/laravel/framework/src/Illuminate/Routing/Route.php(109): call_user_func_array(Object(Closure), Array)
#7 /var/www/motibupro/motibu/vendor/laravel/framework/src/Illuminate/Routing/Router.php(1033): Illuminate\Routing\Route->run(Object(Illuminate\Http\Request))
#8 /var/www/motibupro/motibu/vendor/laravel/framework/src/Illuminate/Routing/Router.php(1001): Illuminate\Routing\Router->dispatchToRoute(Object(Illuminate\Http\Request))
#9 /var/www/motibupro/motibu/vendor/laravel/framework/src/Illuminate/Foundation/Application.php(775): Illuminate\Routing\Router->dispatch(Object(Illuminate\Http\Request))
#10 /var/www/motibupro/motibu/vendor/laravel/framework/src/Illuminate/Foundation/Application.php(745): Illuminate\Foundation\Application->dispatch(Object(Illuminate\Http\Request))
#11 /var/www/motibupro/motibu/vendor/laravel/framework/src/Illuminate/Session/Middleware.php(72): Illuminate\Foundation\Application->handle(Object(Illuminate\Http\Request), 1, true)
#12 /var/www/motibupro/motibu/vendor/laravel/framework/src/Illuminate/Cookie/Queue.php(47): Illuminate\Session\Middleware->handle(Object(Illuminate\Http\Request), 1, true)
#13 /var/www/motibupro/motibu/vendor/laravel/framework/src/Illuminate/Cookie/Guard.php(51): Illuminate\Cookie\Queue->handle(Object(Illuminate\Http\Request), 1, true)
#14 /var/www/motibupro/motibu/vendor/stack/builder/src/Stack/StackedHttpKernel.php(23): Illuminate\Cookie\Guard->handle(Object(Illuminate\Http\Request), 1, true)
#15 /var/www/motibupro/motibu/vendor/laravel/framework/src/Illuminate/Foundation/Application.php(641): Stack\StackedHttpKernel->handle(Object(Illuminate\Http\Request))
#16 /var/www/motibupro/motibu/public/index.php(49): Illuminate\Foundation\Application->run()
#17 {main} [] []
[2015-07-07 12:04:51] local.ERROR: exception 'League\OAuth2\Server\Exception\InvalidCredentialsException' with message 'The user credentials were incorrect.' in /var/www/motibupro/motibu/vendor/league/oauth2-server/src/Grant/PasswordGrant.php:132
Stack trace:
#0 /var/www/motibupro/motibu/vendor/league/oauth2-server/src/AuthorizationServer.php(275): League\OAuth2\Server\Grant\PasswordGrant->completeFlow()
#1 /var/www/motibupro/motibu/vendor/lucadegasperi/oauth2-server-laravel/src/Authorizer.php(80): League\OAuth2\Server\AuthorizationServer->issueAccessToken()
#2 /var/www/motibupro/motibu/vendor/laravel/framework/src/Illuminate/Support/Facades/Facade.php(205): LucaDegasperi\OAuth2Server\Authorizer->issueAccessToken()
#3 /var/www/motibupro/motibu/app/routes.php(402): Illuminate\Support\Facades\Facade::__callStatic('issueAccessToke...', Array)
#4 /var/www/motibupro/motibu/app/routes.php(402): LucaDegasperi\OAuth2Server\Facades\AuthorizerFacade::issueAccessToken()
#5 [internal function]: {closure}()
#6 /var/www/motibupro/motibu/vendor/laravel/framework/src/Illuminate/Routing/Route.php(109): call_user_func_array(Object(Closure), Array)
#7 /var/www/motibupro/motibu/vendor/laravel/framework/src/Illuminate/Routing/Router.php(1033): Illuminate\Routing\Route->run(Object(Illuminate\Http\Request))
#8 /var/www/motibupro/motibu/vendor/laravel/framework/src/Illuminate/Routing/Router.php(1001): Illuminate\Routing\Router->dispatchToRoute(Object(Illuminate\Http\Request))
#9 /var/www/motibupro/motibu/vendor/laravel/framework/src/Illuminate/Foundation/Application.php(775): Illuminate\Routing\Router->dispatch(Object(Illuminate\Http\Request))
#10 /var/www/motibupro/motibu/vendor/laravel/framework/src/Illuminate/Foundation/Application.php(745): Illuminate\Foundation\Application->dispatch(Object(Illuminate\Http\Request))
#11 /var/www/motibupro/motibu/vendor/laravel/framework/src/Illuminate/Session/Middleware.php(72): Illuminate\Foundation\Application->handle(Object(Illuminate\Http\Request), 1, true)
#12 /var/www/motibupro/motibu/vendor/laravel/framework/src/Illuminate/Cookie/Queue.php(47): Illuminate\Session\Middleware->handle(Object(Illuminate\Http\Request), 1, true)
#13 /var/www/motibupro/motibu/vendor/laravel/framework/src/Illuminate/Cookie/Guard.php(51): Illuminate\Cookie\Queue->handle(Object(Illuminate\Http\Request), 1, true)
#14 /var/www/motibupro/motibu/vendor/stack/builder/src/Stack/StackedHttpKernel.php(23): Illuminate\Cookie\Guard->handle(Object(Illuminate\Http\Request), 1, true)
#15 /var/www/motibupro/motibu/vendor/laravel/framework/src/Illuminate/Foundation/Application.php(641): Stack\StackedHttpKernel->handle(Object(Illuminate\Http\Request))
#16 /var/www/motibupro/motibu/public/index.php(49): Illuminate\Foundation\Application->run()
#17 {main} [] []
[2015-07-07 12:05:13] local.ERROR: exception 'League\OAuth2\Server\Exception\InvalidCredentialsException' with message 'The user credentials were incorrect.' in /var/www/motibupro/motibu/vendor/league/oauth2-server/src/Grant/PasswordGrant.php:132
Stack trace:
#0 /var/www/motibupro/motibu/vendor/league/oauth2-server/src/AuthorizationServer.php(275): League\OAuth2\Server\Grant\PasswordGrant->completeFlow()
#1 /var/www/motibupro/motibu/vendor/lucadegasperi/oauth2-server-laravel/src/Authorizer.php(80): League\OAuth2\Server\AuthorizationServer->issueAccessToken()
#2 /var/www/motibupro/motibu/vendor/laravel/framework/src/Illuminate/Support/Facades/Facade.php(205): LucaDegasperi\OAuth2Server\Authorizer->issueAccessToken()
#3 /var/www/motibupro/motibu/app/routes.php(402): Illuminate\Support\Facades\Facade::__callStatic('issueAccessToke...', Array)
#4 /var/www/motibupro/motibu/app/routes.php(402): LucaDegasperi\OAuth2Server\Facades\AuthorizerFacade::issueAccessToken()
#5 [internal function]: {closure}()
#6 /var/www/motibupro/motibu/vendor/laravel/framework/src/Illuminate/Routing/Route.php(109): call_user_func_array(Object(Closure), Array)
#7 /var/www/motibupro/motibu/vendor/laravel/framework/src/Illuminate/Routing/Router.php(1033): Illuminate\Routing\Route->run(Object(Illuminate\Http\Request))
#8 /var/www/motibupro/motibu/vendor/laravel/framework/src/Illuminate/Routing/Router.php(1001): Illuminate\Routing\Router->dispatchToRoute(Object(Illuminate\Http\Request))
#9 /var/www/motibupro/motibu/vendor/laravel/framework/src/Illuminate/Foundation/Application.php(775): Illuminate\Routing\Router->dispatch(Object(Illuminate\Http\Request))
#10 /var/www/motibupro/motibu/vendor/laravel/framework/src/Illuminate/Foundation/Application.php(745): Illuminate\Foundation\Application->dispatch(Object(Illuminate\Http\Request))
#11 /var/www/motibupro/motibu/vendor/laravel/framework/src/Illuminate/Session/Middleware.php(72): Illuminate\Foundation\Application->handle(Object(Illuminate\Http\Request), 1, true)
#12 /var/www/motibupro/motibu/vendor/laravel/framework/src/Illuminate/Cookie/Queue.php(47): Illuminate\Session\Middleware->handle(Object(Illuminate\Http\Request), 1, true)
#13 /var/www/motibupro/motibu/vendor/laravel/framework/src/Illuminate/Cookie/Guard.php(51): Illuminate\Cookie\Queue->handle(Object(Illuminate\Http\Request), 1, true)
#14 /var/www/motibupro/motibu/vendor/stack/builder/src/Stack/StackedHttpKernel.php(23): Illuminate\Cookie\Guard->handle(Object(Illuminate\Http\Request), 1, true)
#15 /var/www/motibupro/motibu/vendor/laravel/framework/src/Illuminate/Foundation/Application.php(641): Stack\StackedHttpKernel->handle(Object(Illuminate\Http\Request))
#16 /var/www/motibupro/motibu/public/index.php(49): Illuminate\Foundation\Application->run()
#17 {main} [] []
[2015-07-07 12:05:44] local.INFO: array (
  'email' => 'n123456@gmail.com',
  'first_name' => 'Kauser',
  'last_name' => 'Sarker',
  'password' => 'c0mm0n',
  'confirm_password' => 'c0mm0n',
  'client_base_url' => 'http://client.motibu.com/',
  'is_external_vcard' => 'false',
) [] []
[2015-07-07 12:05:44] local.INFO: Array
(
    [email] => n123456@gmail.com
    [password] => c0mm0n
    [confirm_password] => c0mm0n
    [first_name] => Kauser
    [last_name] => Sarker
    [username] => n123456@gmail.com
)
 [] []
[2015-07-07 12:06:10] local.ERROR: exception 'League\OAuth2\Server\Exception\InvalidCredentialsException' with message 'The user credentials were incorrect.' in /var/www/motibupro/motibu/vendor/league/oauth2-server/src/Grant/PasswordGrant.php:132
Stack trace:
#0 /var/www/motibupro/motibu/vendor/league/oauth2-server/src/AuthorizationServer.php(275): League\OAuth2\Server\Grant\PasswordGrant->completeFlow()
#1 /var/www/motibupro/motibu/vendor/lucadegasperi/oauth2-server-laravel/src/Authorizer.php(80): League\OAuth2\Server\AuthorizationServer->issueAccessToken()
#2 /var/www/motibupro/motibu/vendor/laravel/framework/src/Illuminate/Support/Facades/Facade.php(205): LucaDegasperi\OAuth2Server\Authorizer->issueAccessToken()
#3 /var/www/motibupro/motibu/app/routes.php(402): Illuminate\Support\Facades\Facade::__callStatic('issueAccessToke...', Array)
#4 /var/www/motibupro/motibu/app/routes.php(402): LucaDegasperi\OAuth2Server\Facades\AuthorizerFacade::issueAccessToken()
#5 [internal function]: {closure}()
#6 /var/www/motibupro/motibu/vendor/laravel/framework/src/Illuminate/Routing/Route.php(109): call_user_func_array(Object(Closure), Array)
#7 /var/www/motibupro/motibu/vendor/laravel/framework/src/Illuminate/Routing/Router.php(1033): Illuminate\Routing\Route->run(Object(Illuminate\Http\Request))
#8 /var/www/motibupro/motibu/vendor/laravel/framework/src/Illuminate/Routing/Router.php(1001): Illuminate\Routing\Router->dispatchToRoute(Object(Illuminate\Http\Request))
#9 /var/www/motibupro/motibu/vendor/laravel/framework/src/Illuminate/Foundation/Application.php(775): Illuminate\Routing\Router->dispatch(Object(Illuminate\Http\Request))
#10 /var/www/motibupro/motibu/vendor/laravel/framework/src/Illuminate/Foundation/Application.php(745): Illuminate\Foundation\Application->dispatch(Object(Illuminate\Http\Request))
#11 /var/www/motibupro/motibu/vendor/laravel/framework/src/Illuminate/Session/Middleware.php(72): Illuminate\Foundation\Application->handle(Object(Illuminate\Http\Request), 1, true)
#12 /var/www/motibupro/motibu/vendor/laravel/framework/src/Illuminate/Cookie/Queue.php(47): Illuminate\Session\Middleware->handle(Object(Illuminate\Http\Request), 1, true)
#13 /var/www/motibupro/motibu/vendor/laravel/framework/src/Illuminate/Cookie/Guard.php(51): Illuminate\Cookie\Queue->handle(Object(Illuminate\Http\Request), 1, true)
#14 /var/www/motibupro/motibu/vendor/stack/builder/src/Stack/StackedHttpKernel.php(23): Illuminate\Cookie\Guard->handle(Object(Illuminate\Http\Request), 1, true)
#15 /var/www/motibupro/motibu/vendor/laravel/framework/src/Illuminate/Foundation/Application.php(641): Stack\StackedHttpKernel->handle(Object(Illuminate\Http\Request))
#16 /var/www/motibupro/motibu/public/index.php(49): Illuminate\Foundation\Application->run()
#17 {main} [] []
[2015-07-07 12:06:22] local.ERROR: exception 'League\OAuth2\Server\Exception\InvalidCredentialsException' with message 'The user credentials were incorrect.' in /var/www/motibupro/motibu/vendor/league/oauth2-server/src/Grant/PasswordGrant.php:132
Stack trace:
#0 /var/www/motibupro/motibu/vendor/league/oauth2-server/src/AuthorizationServer.php(275): League\OAuth2\Server\Grant\PasswordGrant->completeFlow()
#1 /var/www/motibupro/motibu/vendor/lucadegasperi/oauth2-server-laravel/src/Authorizer.php(80): League\OAuth2\Server\AuthorizationServer->issueAccessToken()
#2 /var/www/motibupro/motibu/vendor/laravel/framework/src/Illuminate/Support/Facades/Facade.php(205): LucaDegasperi\OAuth2Server\Authorizer->issueAccessToken()
#3 /var/www/motibupro/motibu/app/routes.php(402): Illuminate\Support\Facades\Facade::__callStatic('issueAccessToke...', Array)
#4 /var/www/motibupro/motibu/app/routes.php(402): LucaDegasperi\OAuth2Server\Facades\AuthorizerFacade::issueAccessToken()
#5 [internal function]: {closure}()
#6 /var/www/motibupro/motibu/vendor/laravel/framework/src/Illuminate/Routing/Route.php(109): call_user_func_array(Object(Closure), Array)
#7 /var/www/motibupro/motibu/vendor/laravel/framework/src/Illuminate/Routing/Router.php(1033): Illuminate\Routing\Route->run(Object(Illuminate\Http\Request))
#8 /var/www/motibupro/motibu/vendor/laravel/framework/src/Illuminate/Routing/Router.php(1001): Illuminate\Routing\Router->dispatchToRoute(Object(Illuminate\Http\Request))
#9 /var/www/motibupro/motibu/vendor/laravel/framework/src/Illuminate/Foundation/Application.php(775): Illuminate\Routing\Router->dispatch(Object(Illuminate\Http\Request))
#10 /var/www/motibupro/motibu/vendor/laravel/framework/src/Illuminate/Foundation/Application.php(745): Illuminate\Foundation\Application->dispatch(Object(Illuminate\Http\Request))
#11 /var/www/motibupro/motibu/vendor/laravel/framework/src/Illuminate/Session/Middleware.php(72): Illuminate\Foundation\Application->handle(Object(Illuminate\Http\Request), 1, true)
#12 /var/www/motibupro/motibu/vendor/laravel/framework/src/Illuminate/Cookie/Queue.php(47): Illuminate\Session\Middleware->handle(Object(Illuminate\Http\Request), 1, true)
#13 /var/www/motibupro/motibu/vendor/laravel/framework/src/Illuminate/Cookie/Guard.php(51): Illuminate\Cookie\Queue->handle(Object(Illuminate\Http\Request), 1, true)
#14 /var/www/motibupro/motibu/vendor/stack/builder/src/Stack/StackedHttpKernel.php(23): Illuminate\Cookie\Guard->handle(Object(Illuminate\Http\Request), 1, true)
#15 /var/www/motibupro/motibu/vendor/laravel/framework/src/Illuminate/Foundation/Application.php(641): Stack\StackedHttpKernel->handle(Object(Illuminate\Http\Request))
#16 /var/www/motibupro/motibu/public/index.php(49): Illuminate\Foundation\Application->run()
#17 {main} [] []
[2015-07-07 12:06:44] local.ERROR: exception 'League\OAuth2\Server\Exception\InvalidCredentialsException' with message 'The user credentials were incorrect.' in /var/www/motibupro/motibu/vendor/league/oauth2-server/src/Grant/PasswordGrant.php:132
Stack trace:
#0 /var/www/motibupro/motibu/vendor/league/oauth2-server/src/AuthorizationServer.php(275): League\OAuth2\Server\Grant\PasswordGrant->completeFlow()
#1 /var/www/motibupro/motibu/vendor/lucadegasperi/oauth2-server-laravel/src/Authorizer.php(80): League\OAuth2\Server\AuthorizationServer->issueAccessToken()
#2 /var/www/motibupro/motibu/vendor/laravel/framework/src/Illuminate/Support/Facades/Facade.php(205): LucaDegasperi\OAuth2Server\Authorizer->issueAccessToken()
#3 /var/www/motibupro/motibu/app/routes.php(402): Illuminate\Support\Facades\Facade::__callStatic('issueAccessToke...', Array)
#4 /var/www/motibupro/motibu/app/routes.php(402): LucaDegasperi\OAuth2Server\Facades\AuthorizerFacade::issueAccessToken()
#5 [internal function]: {closure}()
#6 /var/www/motibupro/motibu/vendor/laravel/framework/src/Illuminate/Routing/Route.php(109): call_user_func_array(Object(Closure), Array)
#7 /var/www/motibupro/motibu/vendor/laravel/framework/src/Illuminate/Routing/Router.php(1033): Illuminate\Routing\Route->run(Object(Illuminate\Http\Request))
#8 /var/www/motibupro/motibu/vendor/laravel/framework/src/Illuminate/Routing/Router.php(1001): Illuminate\Routing\Router->dispatchToRoute(Object(Illuminate\Http\Request))
#9 /var/www/motibupro/motibu/vendor/laravel/framework/src/Illuminate/Foundation/Application.php(775): Illuminate\Routing\Router->dispatch(Object(Illuminate\Http\Request))
#10 /var/www/motibupro/motibu/vendor/laravel/framework/src/Illuminate/Foundation/Application.php(745): Illuminate\Foundation\Application->dispatch(Object(Illuminate\Http\Request))
#11 /var/www/motibupro/motibu/vendor/laravel/framework/src/Illuminate/Session/Middleware.php(72): Illuminate\Foundation\Application->handle(Object(Illuminate\Http\Request), 1, true)
#12 /var/www/motibupro/motibu/vendor/laravel/framework/src/Illuminate/Cookie/Queue.php(47): Illuminate\Session\Middleware->handle(Object(Illuminate\Http\Request), 1, true)
#13 /var/www/motibupro/motibu/vendor/laravel/framework/src/Illuminate/Cookie/Guard.php(51): Illuminate\Cookie\Queue->handle(Object(Illuminate\Http\Request), 1, true)
#14 /var/www/motibupro/motibu/vendor/stack/builder/src/Stack/StackedHttpKernel.php(23): Illuminate\Cookie\Guard->handle(Object(Illuminate\Http\Request), 1, true)
#15 /var/www/motibupro/motibu/vendor/laravel/framework/src/Illuminate/Foundation/Application.php(641): Stack\StackedHttpKernel->handle(Object(Illuminate\Http\Request))
#16 /var/www/motibupro/motibu/public/index.php(49): Illuminate\Foundation\Application->run()
#17 {main} [] []
[2015-07-07 12:06:49] local.ERROR: exception 'League\OAuth2\Server\Exception\InvalidCredentialsException' with message 'The user credentials were incorrect.' in /var/www/motibupro/motibu/vendor/league/oauth2-server/src/Grant/PasswordGrant.php:132
Stack trace:
#0 /var/www/motibupro/motibu/vendor/league/oauth2-server/src/AuthorizationServer.php(275): League\OAuth2\Server\Grant\PasswordGrant->completeFlow()
#1 /var/www/motibupro/motibu/vendor/lucadegasperi/oauth2-server-laravel/src/Authorizer.php(80): League\OAuth2\Server\AuthorizationServer->issueAccessToken()
#2 /var/www/motibupro/motibu/vendor/laravel/framework/src/Illuminate/Support/Facades/Facade.php(205): LucaDegasperi\OAuth2Server\Authorizer->issueAccessToken()
#3 /var/www/motibupro/motibu/app/routes.php(402): Illuminate\Support\Facades\Facade::__callStatic('issueAccessToke...', Array)
#4 /var/www/motibupro/motibu/app/routes.php(402): LucaDegasperi\OAuth2Server\Facades\AuthorizerFacade::issueAccessToken()
#5 [internal function]: {closure}()
#6 /var/www/motibupro/motibu/vendor/laravel/framework/src/Illuminate/Routing/Route.php(109): call_user_func_array(Object(Closure), Array)
#7 /var/www/motibupro/motibu/vendor/laravel/framework/src/Illuminate/Routing/Router.php(1033): Illuminate\Routing\Route->run(Object(Illuminate\Http\Request))
#8 /var/www/motibupro/motibu/vendor/laravel/framework/src/Illuminate/Routing/Router.php(1001): Illuminate\Routing\Router->dispatchToRoute(Object(Illuminate\Http\Request))
#9 /var/www/motibupro/motibu/vendor/laravel/framework/src/Illuminate/Foundation/Application.php(775): Illuminate\Routing\Router->dispatch(Object(Illuminate\Http\Request))
#10 /var/www/motibupro/motibu/vendor/laravel/framework/src/Illuminate/Foundation/Application.php(745): Illuminate\Foundation\Application->dispatch(Object(Illuminate\Http\Request))
#11 /var/www/motibupro/motibu/vendor/laravel/framework/src/Illuminate/Session/Middleware.php(72): Illuminate\Foundation\Application->handle(Object(Illuminate\Http\Request), 1, true)
#12 /var/www/motibupro/motibu/vendor/laravel/framework/src/Illuminate/Cookie/Queue.php(47): Illuminate\Session\Middleware->handle(Object(Illuminate\Http\Request), 1, true)
#13 /var/www/motibupro/motibu/vendor/laravel/framework/src/Illuminate/Cookie/Guard.php(51): Illuminate\Cookie\Queue->handle(Object(Illuminate\Http\Request), 1, true)
#14 /var/www/motibupro/motibu/vendor/stack/builder/src/Stack/StackedHttpKernel.php(23): Illuminate\Cookie\Guard->handle(Object(Illuminate\Http\Request), 1, true)
#15 /var/www/motibupro/motibu/vendor/laravel/framework/src/Illuminate/Foundation/Application.php(641): Stack\StackedHttpKernel->handle(Object(Illuminate\Http\Request))
#16 /var/www/motibupro/motibu/public/index.php(49): Illuminate\Foundation\Application->run()
#17 {main} [] []
[2015-07-07 12:07:03] local.ERROR: exception 'League\OAuth2\Server\Exception\InvalidCredentialsException' with message 'The user credentials were incorrect.' in /var/www/motibupro/motibu/vendor/league/oauth2-server/src/Grant/PasswordGrant.php:132
Stack trace:
#0 /var/www/motibupro/motibu/vendor/league/oauth2-server/src/AuthorizationServer.php(275): League\OAuth2\Server\Grant\PasswordGrant->completeFlow()
#1 /var/www/motibupro/motibu/vendor/lucadegasperi/oauth2-server-laravel/src/Authorizer.php(80): League\OAuth2\Server\AuthorizationServer->issueAccessToken()
#2 /var/www/motibupro/motibu/vendor/laravel/framework/src/Illuminate/Support/Facades/Facade.php(205): LucaDegasperi\OAuth2Server\Authorizer->issueAccessToken()
#3 /var/www/motibupro/motibu/app/routes.php(402): Illuminate\Support\Facades\Facade::__callStatic('issueAccessToke...', Array)
#4 /var/www/motibupro/motibu/app/routes.php(402): LucaDegasperi\OAuth2Server\Facades\AuthorizerFacade::issueAccessToken()
#5 [internal function]: {closure}()
#6 /var/www/motibupro/motibu/vendor/laravel/framework/src/Illuminate/Routing/Route.php(109): call_user_func_array(Object(Closure), Array)
#7 /var/www/motibupro/motibu/vendor/laravel/framework/src/Illuminate/Routing/Router.php(1033): Illuminate\Routing\Route->run(Object(Illuminate\Http\Request))
#8 /var/www/motibupro/motibu/vendor/laravel/framework/src/Illuminate/Routing/Router.php(1001): Illuminate\Routing\Router->dispatchToRoute(Object(Illuminate\Http\Request))
#9 /var/www/motibupro/motibu/vendor/laravel/framework/src/Illuminate/Foundation/Application.php(775): Illuminate\Routing\Router->dispatch(Object(Illuminate\Http\Request))
#10 /var/www/motibupro/motibu/vendor/laravel/framework/src/Illuminate/Foundation/Application.php(745): Illuminate\Foundation\Application->dispatch(Object(Illuminate\Http\Request))
#11 /var/www/motibupro/motibu/vendor/laravel/framework/src/Illuminate/Session/Middleware.php(72): Illuminate\Foundation\Application->handle(Object(Illuminate\Http\Request), 1, true)
#12 /var/www/motibupro/motibu/vendor/laravel/framework/src/Illuminate/Cookie/Queue.php(47): Illuminate\Session\Middleware->handle(Object(Illuminate\Http\Request), 1, true)
#13 /var/www/motibupro/motibu/vendor/laravel/framework/src/Illuminate/Cookie/Guard.php(51): Illuminate\Cookie\Queue->handle(Object(Illuminate\Http\Request), 1, true)
#14 /var/www/motibupro/motibu/vendor/stack/builder/src/Stack/StackedHttpKernel.php(23): Illuminate\Cookie\Guard->handle(Object(Illuminate\Http\Request), 1, true)
#15 /var/www/motibupro/motibu/vendor/laravel/framework/src/Illuminate/Foundation/Application.php(641): Stack\StackedHttpKernel->handle(Object(Illuminate\Http\Request))
#16 /var/www/motibupro/motibu/public/index.php(49): Illuminate\Foundation\Application->run()
#17 {main} [] []
[2015-07-07 12:07:32] local.INFO: array (
  'email' => 'nilove1@gmail.com',
  'first_name' => 'Kauser 3232',
  'last_name' => 'Sarker',
  'password' => 'c0mm0n',
  'confirm_password' => 'c0mm0n',
  'client_base_url' => 'http://client.motibu.com/',
  'is_external_vcard' => 'false',
) [] []
[2015-07-07 12:07:32] local.INFO: Array
(
    [email] => nilove1@gmail.com
    [password] => c0mm0n
    [confirm_password] => c0mm0n
    [first_name] => Kauser 3232
    [last_name] => Sarker
    [username] => nilove1@gmail.com
)
 [] []
[2015-07-07 12:08:12] local.INFO: array (
  0 => '114',
) [] []
[2015-07-07 12:08:12] local.INFO: array (
  0 => '114',
) [] []
[2015-07-07 12:09:03] local.INFO: array (
  'about' => 'null',
  'about_de' => 'null',
  'about_fr' => 'null',
  'about_it' => 'null',
  'gender_id' => 'male',
  'date_of_birth' => '0000-00-00 00:00:00',
  'residency' => 'Paris, France',
  'telephone' => 'null',
  'mobile' => 'null',
  'social_twitter' => 'null',
  'social_facebook' => 'null',
  'social_linked_in' => 'null',
  'years_of_experience' => 'null',
  'nationality' => 'null',
  'has_work_permit' => 'null',
  'is_married' => 'null',
  'num_children' => 'null',
  'has_drivers_license' => 'null',
  'is_available' => 'null',
  'is_employed' => 'null',
  'profile_pic_filename' => 'undefined',
  'location_latitude' => '48.84034744192147',
  'location_longitude' => '2.3989137945312677',
  'age' => '25',
  'expected_salary' => '0',
) [] []
[2015-07-07 12:11:42] local.INFO: array (
  'about' => 'Test',
  'about_de' => 'null',
  'about_fr' => 'null',
  'about_it' => 'null',
  'gender_id' => 'male',
  'date_of_birth' => '0000-00-00 00:00:00',
  'residency' => 'Paris, France',
  'telephone' => 'null',
  'mobile' => 'null',
  'social_twitter' => 'null',
  'social_facebook' => 'null',
  'social_linked_in' => 'null',
  'years_of_experience' => 'null',
  'nationality' => 'null',
  'has_work_permit' => 'null',
  'is_married' => 'null',
  'num_children' => '0',
  'has_drivers_license' => 'null',
  'is_available' => 'null',
  'is_employed' => 'null',
  'location_latitude' => '48.8403',
  'location_longitude' => '2.39891',
  'age' => '25',
  'expected_salary' => '0',
  'profile_pic_filename' => 
  Symfony\Component\HttpFoundation\File\UploadedFile::__set_state(array(
     'test' => false,
     'originalName' => 'pic.png',
     'mimeType' => 'image/png',
     'size' => 123672,
     'error' => 0,
  )),
) [] []
[2015-07-07 12:12:55] local.INFO: array (
  'about' => 'Test',
  'about_de' => NULL,
  'about_fr' => NULL,
  'about_it' => NULL,
  'skills' => 
  array (
    0 => 
    array (
      'skill_id' => '1941',
      'skill_name' => 'Java',
      'skill_category' => 'Computing',
      'candidate_id' => '117',
      'level' => 28,
    ),
  ),
  'inline_skills' => NULL,
) [] []
[2015-07-07 12:13:13] local.INFO: array (
  0 => '114',
  1 => '117',
) [] []
[2015-07-07 12:13:13] local.INFO: array (
  0 => '114',
  1 => '117',
) [] []
[2015-07-07 12:13:37] local.INFO: array (
) [] []
[2015-07-07 12:13:37] local.INFO: array (
  0 => '117',
) [] []
[2015-07-09 07:00:38] local.INFO: array (
  0 => '114',
) [] []
[2015-07-09 07:00:38] local.INFO: array (
  0 => '114',
) [] []
[2015-07-09 07:01:50] local.INFO: Array
(
    [email] => nilove@andhype.com
    [password] => C0mm0nkauser
    [confirm_password] => C0mm0nkauser
    [first_name] => Kauser
    [last_name] => Sarker
    [username] => nilove@andhype.com
)
 [] []
[2015-07-09 07:01:51] local.INFO: array (
  'name' => 'UOU',
  'description' => 'new agency',
) [] []
[2015-07-09 07:01:51] local.INFO: Array
(
    [email] => nilove@andhype.com
    [password] => C0mm0nkauser
    [confirm_password] => C0mm0nkauser
    [first_name] => Kauser
    [last_name] => Sarker
    [username] => nilove@andhype.com
)
 [] []
[2015-07-09 07:02:38] local.INFO: $2y$10$sp5.PNxzKNtn1nmAmTKMtuZzZxqFo8cCR9rbQ8Cou2ENsm3rDjONu [] []
[2015-07-09 07:02:38] local.INFO: Array
(
    [id] => 118
    [username] => nilove@andhype.com
    [email] => nilove@andhype.com
    [first_name] => Kauser
    [last_name] => Sarker
    [userable_id] => 
    [deleted_at] => 
    [meta] => 
)
 [] []
[2015-08-01 15:15:41] local.INFO: array (
  0 => '114',
) [] []
[2015-08-01 15:15:41] local.INFO: array (
  0 => '114',
) [] []
[2015-08-01 15:15:56] local.INFO: array (
  0 => '114',
) [] []
[2015-08-01 15:15:56] local.INFO: array (
  0 => '114',
) [] []
